2020-12-28 08:30:21.855 [main] INFO  com.lz.ht.CbootApplication - Starting CbootApplication on LAPTOP-35MNPBI6 with PID 15860 (started by 王安轼 in D:\桌面右\企业开发框架\2\cboot)
2020-12-28 08:30:21.866 [main] INFO  com.lz.ht.CbootApplication - The following profiles are active: local
2020-12-28 08:30:24.553 [main] INFO  o.s.c.s.PostProcessorRegistrationDelegate$BeanPostProcessorChecker - Bean 'org.apache.shiro.spring.boot.autoconfigure.ShiroBeanAutoConfiguration' of type [org.apache.shiro.spring.boot.autoconfigure.ShiroBeanAutoConfiguration$$EnhancerBySpringCGLIB$$2b993cf1] is not eligible for getting processed by all BeanPostProcessors (for example: not eligible for auto-proxying)
2020-12-28 08:30:24.620 [main] INFO  o.s.c.s.PostProcessorRegistrationDelegate$BeanPostProcessorChecker - Bean 'org.apache.shiro.spring.boot.autoconfigure.ShiroAnnotationProcessorAutoConfiguration' of type [org.apache.shiro.spring.boot.autoconfigure.ShiroAnnotationProcessorAutoConfiguration$$EnhancerBySpringCGLIB$$2e2c7b96] is not eligible for getting processed by all BeanPostProcessors (for example: not eligible for auto-proxying)
2020-12-28 08:30:24.625 [main] INFO  o.s.c.s.PostProcessorRegistrationDelegate$BeanPostProcessorChecker - Bean 'shiroConfig' of type [com.lz.ht.configuration.ShiroConfig$$EnhancerBySpringCGLIB$$fce2bd32] is not eligible for getting processed by all BeanPostProcessors (for example: not eligible for auto-proxying)
2020-12-28 08:30:24.635 [main] INFO  o.s.c.s.PostProcessorRegistrationDelegate$BeanPostProcessorChecker - Bean 'org.springframework.transaction.annotation.ProxyTransactionManagementConfiguration' of type [org.springframework.transaction.annotation.ProxyTransactionManagementConfiguration$$EnhancerBySpringCGLIB$$18805f41] is not eligible for getting processed by all BeanPostProcessors (for example: not eligible for auto-proxying)
2020-12-28 08:30:24.925 [main] INFO  o.s.c.s.PostProcessorRegistrationDelegate$BeanPostProcessorChecker - Bean 'druidConfig' of type [com.lz.ht.configuration.DruidConfig$$EnhancerBySpringCGLIB$$518920a3] is not eligible for getting processed by all BeanPostProcessors (for example: not eligible for auto-proxying)
2020-12-28 08:30:25.001 [main] INFO  o.s.c.s.PostProcessorRegistrationDelegate$BeanPostProcessorChecker - Bean 'mybatis-org.mybatis.spring.boot.autoconfigure.MybatisProperties' of type [org.mybatis.spring.boot.autoconfigure.MybatisProperties] is not eligible for getting processed by all BeanPostProcessors (for example: not eligible for auto-proxying)
2020-12-28 08:30:25.013 [main] INFO  o.s.c.s.PostProcessorRegistrationDelegate$BeanPostProcessorChecker - Bean 'org.mybatis.spring.boot.autoconfigure.MybatisAutoConfiguration' of type [org.mybatis.spring.boot.autoconfigure.MybatisAutoConfiguration$$EnhancerBySpringCGLIB$$4b54b071] is not eligible for getting processed by all BeanPostProcessors (for example: not eligible for auto-proxying)
2020-12-28 08:30:26.905 [main] INFO  com.alibaba.druid.pool.DruidDataSource - {dataSource-1} inited
2020-12-28 08:30:26.905 [main] INFO  o.s.c.s.PostProcessorRegistrationDelegate$BeanPostProcessorChecker - Bean 'dataSource' of type [com.alibaba.druid.pool.DruidDataSource] is not eligible for getting processed by all BeanPostProcessors (for example: not eligible for auto-proxying)
2020-12-28 08:30:26.915 [main] INFO  o.s.c.s.PostProcessorRegistrationDelegate$BeanPostProcessorChecker - Bean 'spring.datasource-org.springframework.boot.autoconfigure.jdbc.DataSourceProperties' of type [org.springframework.boot.autoconfigure.jdbc.DataSourceProperties] is not eligible for getting processed by all BeanPostProcessors (for example: not eligible for auto-proxying)
2020-12-28 08:30:26.919 [main] INFO  o.s.c.s.PostProcessorRegistrationDelegate$BeanPostProcessorChecker - Bean 'org.springframework.boot.autoconfigure.jdbc.DataSourceInitializerInvoker' of type [org.springframework.boot.autoconfigure.jdbc.DataSourceInitializerInvoker] is not eligible for getting processed by all BeanPostProcessors (for example: not eligible for auto-proxying)
2020-12-28 08:30:27.534 [main] INFO  o.s.c.s.PostProcessorRegistrationDelegate$BeanPostProcessorChecker - Bean 'sqlSessionFactory' of type [org.apache.ibatis.session.defaults.DefaultSqlSessionFactory] is not eligible for getting processed by all BeanPostProcessors (for example: not eligible for auto-proxying)
2020-12-28 08:30:27.537 [main] INFO  o.s.c.s.PostProcessorRegistrationDelegate$BeanPostProcessorChecker - Bean 'sqlSessionTemplate' of type [org.mybatis.spring.SqlSessionTemplate] is not eligible for getting processed by all BeanPostProcessors (for example: not eligible for auto-proxying)
2020-12-28 08:30:27.540 [main] INFO  com.lz.ht.configuration.DruidConfig - -------------SqlMapper ------------
2020-12-28 08:30:27.541 [main] INFO  o.s.c.s.PostProcessorRegistrationDelegate$BeanPostProcessorChecker - Bean 'sqlMapper' of type [com.github.abel533.sql.SqlMapper] is not eligible for getting processed by all BeanPostProcessors (for example: not eligible for auto-proxying)
2020-12-28 08:30:27.566 [main] INFO  o.s.c.s.PostProcessorRegistrationDelegate$BeanPostProcessorChecker - Bean 'userMapper' of type [org.mybatis.spring.mapper.MapperFactoryBean] is not eligible for getting processed by all BeanPostProcessors (for example: not eligible for auto-proxying)
2020-12-28 08:30:27.569 [main] INFO  o.s.c.s.PostProcessorRegistrationDelegate$BeanPostProcessorChecker - Bean 'userMapper' of type [com.sun.proxy.$Proxy64] is not eligible for getting processed by all BeanPostProcessors (for example: not eligible for auto-proxying)
2020-12-28 08:30:27.573 [main] INFO  o.s.c.s.PostProcessorRegistrationDelegate$BeanPostProcessorChecker - Bean 'userRoleMapper' of type [org.mybatis.spring.mapper.MapperFactoryBean] is not eligible for getting processed by all BeanPostProcessors (for example: not eligible for auto-proxying)
2020-12-28 08:30:27.573 [main] INFO  o.s.c.s.PostProcessorRegistrationDelegate$BeanPostProcessorChecker - Bean 'userRoleMapper' of type [com.sun.proxy.$Proxy65] is not eligible for getting processed by all BeanPostProcessors (for example: not eligible for auto-proxying)
2020-12-28 08:30:27.574 [main] INFO  o.s.c.s.PostProcessorRegistrationDelegate$BeanPostProcessorChecker - Bean 'userServiceImpl' of type [com.lz.ht.service.serviceImpl.UserServiceImpl] is not eligible for getting processed by all BeanPostProcessors (for example: not eligible for auto-proxying)
2020-12-28 08:30:27.579 [main] INFO  o.s.c.s.PostProcessorRegistrationDelegate$BeanPostProcessorChecker - Bean 'userRoleServiceImpl' of type [com.lz.ht.service.serviceImpl.UserRoleServiceImpl] is not eligible for getting processed by all BeanPostProcessors (for example: not eligible for auto-proxying)
2020-12-28 08:30:27.585 [main] INFO  o.s.c.s.PostProcessorRegistrationDelegate$BeanPostProcessorChecker - Bean 'roleResourcesMapper' of type [org.mybatis.spring.mapper.MapperFactoryBean] is not eligible for getting processed by all BeanPostProcessors (for example: not eligible for auto-proxying)
2020-12-28 08:30:27.586 [main] INFO  o.s.c.s.PostProcessorRegistrationDelegate$BeanPostProcessorChecker - Bean 'roleResourcesMapper' of type [com.sun.proxy.$Proxy68] is not eligible for getting processed by all BeanPostProcessors (for example: not eligible for auto-proxying)
2020-12-28 08:30:27.587 [main] INFO  o.s.c.s.PostProcessorRegistrationDelegate$BeanPostProcessorChecker - Bean 'roleResourcesServiceImpl' of type [com.lz.ht.service.serviceImpl.RoleResourcesServiceImpl] is not eligible for getting processed by all BeanPostProcessors (for example: not eligible for auto-proxying)
2020-12-28 08:30:27.588 [main] INFO  o.s.c.s.PostProcessorRegistrationDelegate$BeanPostProcessorChecker - Bean 'customRealm' of type [com.lz.ht.realm.CustomRealm] is not eligible for getting processed by all BeanPostProcessors (for example: not eligible for auto-proxying)
2020-12-28 08:30:27.594 [main] INFO  o.s.c.s.PostProcessorRegistrationDelegate$BeanPostProcessorChecker - Bean 'securityManager' of type [org.apache.shiro.web.mgt.DefaultWebSecurityManager] is not eligible for getting processed by all BeanPostProcessors (for example: not eligible for auto-proxying)
2020-12-28 08:30:27.602 [main] INFO  o.s.c.s.PostProcessorRegistrationDelegate$BeanPostProcessorChecker - Bean 'authorizationAttributeSourceAdvisor' of type [org.apache.shiro.spring.security.interceptor.AuthorizationAttributeSourceAdvisor] is not eligible for getting processed by all BeanPostProcessors (for example: not eligible for auto-proxying)
2020-12-28 08:30:27.624 [main] INFO  o.s.c.s.PostProcessorRegistrationDelegate$BeanPostProcessorChecker - Bean 'eventBus' of type [org.apache.shiro.event.support.DefaultEventBus] is not eligible for getting processed by all BeanPostProcessors (for example: not eligible for auto-proxying)
2020-12-28 08:30:28.115 [main] INFO  o.s.boot.web.embedded.tomcat.TomcatWebServer - Tomcat initialized with port(s): 8080 (http)
2020-12-28 08:30:28.144 [main] INFO  org.apache.coyote.http11.Http11NioProtocol - Initializing ProtocolHandler ["http-nio-8080"]
2020-12-28 08:30:28.483 [main] INFO  org.apache.catalina.core.StandardService - Starting service [Tomcat]
2020-12-28 08:30:28.484 [main] INFO  org.apache.catalina.core.StandardEngine - Starting Servlet engine: [Apache Tomcat/9.0.22]
2020-12-28 08:30:28.537 [main] INFO  org.apache.catalina.core.AprLifecycleListener - An older version [1.2.17] of the APR based Apache Tomcat Native library is installed, while Tomcat recommends a minimum version of [1.2.23]
2020-12-28 08:30:28.537 [main] INFO  org.apache.catalina.core.AprLifecycleListener - Loaded APR based Apache Tomcat Native library [1.2.17] using APR version [1.6.3].
2020-12-28 08:30:28.537 [main] INFO  org.apache.catalina.core.AprLifecycleListener - APR capabilities: IPv6 [true], sendfile [true], accept filters [false], random [true].
2020-12-28 08:30:28.538 [main] INFO  org.apache.catalina.core.AprLifecycleListener - APR/OpenSSL configuration: useAprConnector [false], useOpenSSL [true]
2020-12-28 08:30:29.665 [main] INFO  org.apache.catalina.core.AprLifecycleListener - OpenSSL successfully initialized [OpenSSL 1.0.2o  27 Mar 2018]
2020-12-28 08:30:30.070 [main] INFO  o.a.c.core.ContainerBase.[Tomcat].[localhost].[/] - Initializing Spring embedded WebApplicationContext
2020-12-28 08:30:30.071 [main] INFO  org.springframework.web.context.ContextLoader - Root WebApplicationContext: initialization completed in 8123 ms
2020-12-28 08:30:30.548 [main] INFO  o.s.boot.web.servlet.RegistrationBean - Filter webStatFilter was not registered (possibly already registered?)
2020-12-28 08:30:30.553 [main] INFO  o.s.boot.web.servlet.RegistrationBean - Servlet statViewServlet was not registered (possibly already registered?)
2020-12-28 08:30:31.085 [main] INFO  com.lz.ht.constant.SysConstant - ***********SYSTEM_CONFIGS***********
2020-12-28 08:30:31.085 [main] INFO  com.lz.ht.constant.SysConstant - [com.lz.ht.model.SysConfig@18b6d3c1, com.lz.ht.model.SysConfig@422ab737]
2020-12-28 08:30:31.086 [main] INFO  com.lz.ht.constant.SysConstant - ***********SYSTEM_CONFIGS***********
2020-12-28 08:30:31.329 [main] INFO  org.quartz.impl.StdSchedulerFactory - Using default implementation for ThreadExecutor
2020-12-28 08:30:31.332 [main] INFO  org.quartz.simpl.SimpleThreadPool - Job execution threads will use class loader of thread: main
2020-12-28 08:30:31.345 [main] INFO  org.quartz.core.SchedulerSignalerImpl - Initialized Scheduler Signaller of type: class org.quartz.core.SchedulerSignalerImpl
2020-12-28 08:30:31.346 [main] INFO  org.quartz.core.QuartzScheduler - Quartz Scheduler v.2.3.1 created.
2020-12-28 08:30:31.346 [main] INFO  org.quartz.simpl.RAMJobStore - RAMJobStore initialized.
2020-12-28 08:30:31.347 [main] INFO  org.quartz.core.QuartzScheduler - Scheduler meta-data: Quartz Scheduler (v2.3.1) 'DefaultQuartzScheduler' with instanceId 'NON_CLUSTERED'
  Scheduler class: 'org.quartz.core.QuartzScheduler' - running locally.
  NOT STARTED.
  Currently in standby mode.
  Number of jobs executed: 0
  Using thread pool 'org.quartz.simpl.SimpleThreadPool' - with 10 threads.
  Using job-store 'org.quartz.simpl.RAMJobStore' - which does not support persistence. and is not clustered.

2020-12-28 08:30:31.347 [main] INFO  org.quartz.impl.StdSchedulerFactory - Quartz scheduler 'DefaultQuartzScheduler' initialized from default resource file in Quartz package: 'quartz.properties'
2020-12-28 08:30:31.348 [main] INFO  org.quartz.impl.StdSchedulerFactory - Quartz scheduler version: 2.3.1
2020-12-28 08:30:31.659 [main] INFO  o.s.scheduling.concurrent.ThreadPoolTaskExecutor - Initializing ExecutorService 'applicationTaskExecutor'
2020-12-28 08:30:32.364 [main] INFO  org.quartz.impl.StdSchedulerFactory - Using default implementation for ThreadExecutor
2020-12-28 08:30:32.365 [main] INFO  org.quartz.core.SchedulerSignalerImpl - Initialized Scheduler Signaller of type: class org.quartz.core.SchedulerSignalerImpl
2020-12-28 08:30:32.365 [main] INFO  org.quartz.core.QuartzScheduler - Quartz Scheduler v.2.3.1 created.
2020-12-28 08:30:32.365 [main] INFO  org.quartz.simpl.RAMJobStore - RAMJobStore initialized.
2020-12-28 08:30:32.366 [main] INFO  org.quartz.core.QuartzScheduler - Scheduler meta-data: Quartz Scheduler (v2.3.1) 'quartzScheduler' with instanceId 'NON_CLUSTERED'
  Scheduler class: 'org.quartz.core.QuartzScheduler' - running locally.
  NOT STARTED.
  Currently in standby mode.
  Number of jobs executed: 0
  Using thread pool 'org.quartz.simpl.SimpleThreadPool' - with 10 threads.
  Using job-store 'org.quartz.simpl.RAMJobStore' - which does not support persistence. and is not clustered.

2020-12-28 08:30:32.366 [main] INFO  org.quartz.impl.StdSchedulerFactory - Quartz scheduler 'quartzScheduler' initialized from an externally provided properties instance.
2020-12-28 08:30:32.366 [main] INFO  org.quartz.impl.StdSchedulerFactory - Quartz scheduler version: 2.3.1
2020-12-28 08:30:32.366 [main] INFO  org.quartz.core.QuartzScheduler - JobFactory set to: org.springframework.scheduling.quartz.SpringBeanJobFactory@6650a6c
2020-12-28 08:30:32.409 [main] INFO  o.s.b.actuate.endpoint.web.EndpointLinksResolver - Exposing 2 endpoint(s) beneath base path '/actuator'
2020-12-28 08:30:32.477 [main] INFO  o.s.scheduling.quartz.SchedulerFactoryBean - Starting Quartz Scheduler now
2020-12-28 08:30:32.477 [main] INFO  org.quartz.core.QuartzScheduler - Scheduler quartzScheduler_$_NON_CLUSTERED started.
2020-12-28 08:30:32.506 [main] INFO  org.apache.coyote.http11.Http11NioProtocol - Starting ProtocolHandler ["http-nio-8080"]
2020-12-28 08:30:32.540 [main] INFO  o.s.boot.web.embedded.tomcat.TomcatWebServer - Tomcat started on port(s): 8080 (http) with context path ''
2020-12-28 08:30:32.543 [main] INFO  com.lz.ht.CbootApplication - Started CbootApplication in 11.525 seconds (JVM running for 13.966)
2020-12-28 08:30:34.055 [RMI TCP Connection(5)-192.168.228.1] INFO  o.a.c.core.ContainerBase.[Tomcat].[localhost].[/] - Initializing Spring DispatcherServlet 'dispatcherServlet'
2020-12-28 08:30:34.055 [RMI TCP Connection(5)-192.168.228.1] INFO  org.springframework.web.servlet.DispatcherServlet - Initializing Servlet 'dispatcherServlet'
2020-12-28 08:30:34.067 [RMI TCP Connection(5)-192.168.228.1] INFO  org.springframework.web.servlet.DispatcherServlet - Completed initialization in 12 ms
2020-12-28 08:30:51.039 [http-nio-8080-exec-7] INFO  com.lz.ht.base.BaseController - /login
2020-12-28 08:30:51.039 [http-nio-8080-exec-7] INFO  com.lz.ht.base.BaseController - /login
2020-12-28 08:30:51.422 [http-nio-8080-exec-7] INFO  com.lz.ht.base.BaseController - /login
2020-12-28 08:30:51.426 [http-nio-8080-exec-7] INFO  com.lz.ht.base.BaseController - /login
2020-12-28 08:31:08.974 [http-nio-8080-exec-3] INFO  com.lz.ht.base.BaseController - /user/list
2020-12-28 08:31:08.981 [http-nio-8080-exec-3] INFO  com.lz.ht.base.BaseController - /user/list
2020-12-28 08:41:01.923 [http-nio-8080-exec-1] INFO  com.lz.ht.base.BaseController - /resources/management
2020-12-28 08:41:04.286 [http-nio-8080-exec-10] INFO  com.lz.ht.base.BaseController - /sysConfig/list
2020-12-28 08:41:04.290 [http-nio-8080-exec-10] INFO  com.lz.ht.base.BaseController - /sysConfig/list
2020-12-28 08:44:57.106 [http-nio-8080-exec-5] INFO  com.lz.ht.base.BaseController - /login
2020-12-28 08:44:57.107 [http-nio-8080-exec-5] INFO  com.lz.ht.base.BaseController - /login
2020-12-28 08:44:57.143 [http-nio-8080-exec-5] INFO  com.lz.ht.base.BaseController - /login
2020-12-28 08:44:57.143 [http-nio-8080-exec-5] INFO  com.lz.ht.base.BaseController - /login
2020-12-28 08:45:44.029 [http-nio-8080-exec-1] INFO  com.lz.ht.base.BaseController - /userCenter/personalMsg
2020-12-28 08:45:44.029 [http-nio-8080-exec-3] INFO  com.lz.ht.base.BaseController - /userCenter/personalMsg
2020-12-28 08:45:44.033 [http-nio-8080-exec-4] INFO  com.lz.ht.base.BaseController - /userCenter/personalMsg
2020-12-28 08:45:44.036 [http-nio-8080-exec-6] INFO  com.lz.ht.base.BaseController - /userCenter/personalMsg
2020-12-28 08:45:44.036 [http-nio-8080-exec-1] INFO  com.lz.ht.base.BaseController - /userCenter/personalMsg
2020-12-28 08:45:44.036 [http-nio-8080-exec-6] INFO  com.lz.ht.base.BaseController - /userCenter/personalMsg
2020-12-28 08:45:44.039 [http-nio-8080-exec-4] INFO  com.lz.ht.base.BaseController - /userCenter/personalMsg
2020-12-28 08:45:44.042 [http-nio-8080-exec-3] INFO  com.lz.ht.base.BaseController - /userCenter/personalMsg
2020-12-28 08:45:44.462 [http-nio-8080-exec-9] INFO  com.lz.ht.base.BaseController - /userCenter/userInfo
2020-12-28 08:45:44.462 [http-nio-8080-exec-9] INFO  com.lz.ht.base.BaseController - /userCenter/userInfo
2020-12-28 08:45:56.963 [http-nio-8080-exec-2] INFO  com.lz.ht.base.BaseController - /userCenter/updatePic
2020-12-28 08:45:56.964 [http-nio-8080-exec-2] INFO  com.lz.ht.base.BaseController - /userCenter/updatePic
2020-12-28 08:45:56.964 [http-nio-8080-exec-2] INFO  com.lz.ht.controller.UserCenterController - imageType .jpg
2020-12-28 08:46:00.655 [http-nio-8080-exec-6] INFO  com.lz.ht.base.BaseController - /userCenter/updateUserExt
2020-12-28 08:46:00.667 [http-nio-8080-exec-3] INFO  com.lz.ht.base.BaseController - /userCenter/userInfo
2020-12-28 08:46:00.667 [http-nio-8080-exec-3] INFO  com.lz.ht.base.BaseController - /userCenter/userInfo
2020-12-28 08:46:03.223 [http-nio-8080-exec-5] INFO  com.lz.ht.base.BaseController - /user/list
2020-12-28 08:46:03.223 [http-nio-8080-exec-5] INFO  com.lz.ht.base.BaseController - /user/list
2020-12-28 08:46:04.223 [http-nio-8080-exec-8] INFO  com.lz.ht.base.BaseController - /dept/list
2020-12-28 08:46:04.227 [http-nio-8080-exec-8] INFO  com.lz.ht.base.BaseController - /dept/list
2020-12-28 08:46:15.298 [http-nio-8080-exec-10] INFO  com.lz.ht.base.BaseController - /userCenter/updatePic
2020-12-28 08:46:15.299 [http-nio-8080-exec-10] INFO  com.lz.ht.base.BaseController - /userCenter/updatePic
2020-12-28 08:46:15.300 [http-nio-8080-exec-10] INFO  com.lz.ht.controller.UserCenterController - imageType .png
2020-12-28 08:46:19.830 [http-nio-8080-exec-7] INFO  com.lz.ht.base.BaseController - /userCenter/updateUserExt
2020-12-28 08:46:19.846 [http-nio-8080-exec-2] INFO  com.lz.ht.base.BaseController - /userCenter/userInfo
2020-12-28 08:46:19.846 [http-nio-8080-exec-2] INFO  com.lz.ht.base.BaseController - /userCenter/userInfo
2020-12-28 08:46:28.373 [http-nio-8080-exec-4] INFO  com.lz.ht.base.BaseController - /login
2020-12-28 08:46:28.374 [http-nio-8080-exec-4] INFO  com.lz.ht.base.BaseController - /login
2020-12-28 08:46:28.403 [http-nio-8080-exec-4] INFO  com.lz.ht.base.BaseController - /login
2020-12-28 08:46:28.403 [http-nio-8080-exec-4] INFO  com.lz.ht.base.BaseController - /login
2020-12-28 08:46:35.418 [http-nio-8080-exec-5] INFO  com.lz.ht.base.BaseController - /userCenter/userInfo
2020-12-28 08:46:35.418 [http-nio-8080-exec-5] INFO  com.lz.ht.base.BaseController - /userCenter/userInfo
2020-12-28 08:46:43.758 [http-nio-8080-exec-8] INFO  com.lz.ht.base.BaseController - /userCenter/updatePic
2020-12-28 08:46:43.758 [http-nio-8080-exec-8] INFO  com.lz.ht.base.BaseController - /userCenter/updatePic
2020-12-28 08:46:43.758 [http-nio-8080-exec-8] INFO  com.lz.ht.controller.UserCenterController - imageType .jpg
2020-12-28 08:46:46.238 [http-nio-8080-exec-2] INFO  com.lz.ht.base.BaseController - /userCenter/updateUserExt
2020-12-28 08:46:46.252 [http-nio-8080-exec-6] INFO  com.lz.ht.base.BaseController - /userCenter/userInfo
2020-12-28 08:46:46.252 [http-nio-8080-exec-6] INFO  com.lz.ht.base.BaseController - /userCenter/userInfo
2020-12-28 08:46:55.854 [http-nio-8080-exec-4] INFO  com.lz.ht.base.BaseController - /login
2020-12-28 08:46:55.854 [http-nio-8080-exec-4] INFO  com.lz.ht.base.BaseController - /login
2020-12-28 08:46:55.883 [http-nio-8080-exec-4] INFO  com.lz.ht.base.BaseController - /login
2020-12-28 08:46:55.883 [http-nio-8080-exec-4] INFO  com.lz.ht.base.BaseController - /login
2020-12-28 08:47:02.157 [http-nio-8080-exec-2] INFO  com.lz.ht.base.BaseController - /userCenter/userInfo
2020-12-28 08:47:02.158 [http-nio-8080-exec-2] INFO  com.lz.ht.base.BaseController - /userCenter/userInfo
2020-12-28 08:48:17.102 [http-nio-8080-exec-2] INFO  com.lz.ht.base.BaseController - /login
2020-12-28 08:48:17.103 [http-nio-8080-exec-2] INFO  com.lz.ht.base.BaseController - /login
2020-12-28 08:48:17.130 [http-nio-8080-exec-2] INFO  com.lz.ht.base.BaseController - /login
2020-12-28 08:48:17.130 [http-nio-8080-exec-2] INFO  com.lz.ht.base.BaseController - /login
2020-12-28 08:48:51.205 [http-nio-8080-exec-8] INFO  com.lz.ht.base.BaseController - /login
2020-12-28 08:48:51.205 [http-nio-8080-exec-8] INFO  com.lz.ht.base.BaseController - /login
2020-12-28 08:48:51.233 [http-nio-8080-exec-8] INFO  com.lz.ht.base.BaseController - /login
2020-12-28 08:48:51.233 [http-nio-8080-exec-8] INFO  com.lz.ht.base.BaseController - /login
2020-12-28 08:54:57.238 [http-nio-8080-exec-10] INFO  com.lz.ht.base.BaseController - /userCenter/userInfo
2020-12-28 08:54:57.238 [http-nio-8080-exec-10] INFO  com.lz.ht.base.BaseController - /userCenter/userInfo
2020-12-28 08:55:12.619 [http-nio-8080-exec-1] INFO  com.lz.ht.base.BaseController - /user/list
2020-12-28 08:55:12.619 [http-nio-8080-exec-1] INFO  com.lz.ht.base.BaseController - /user/list
2020-12-28 08:55:13.254 [http-nio-8080-exec-5] INFO  com.lz.ht.base.BaseController - /dept/list
2020-12-28 08:55:13.254 [http-nio-8080-exec-5] INFO  com.lz.ht.base.BaseController - /dept/list
2020-12-28 08:55:14.440 [http-nio-8080-exec-10] INFO  com.lz.ht.base.BaseController - /resources/management
2020-12-28 08:55:15.136 [http-nio-8080-exec-7] INFO  com.lz.ht.base.BaseController - /role/list
2020-12-28 08:55:15.140 [http-nio-8080-exec-7] INFO  com.lz.ht.base.BaseController - /role/list
2020-12-28 08:55:15.765 [http-nio-8080-exec-8] INFO  com.lz.ht.base.BaseController - /sysConfig/list
2020-12-28 08:55:15.765 [http-nio-8080-exec-8] INFO  com.lz.ht.base.BaseController - /sysConfig/list
2020-12-28 08:55:17.461 [http-nio-8080-exec-6] INFO  com.lz.ht.base.BaseController - /userCenter/userInfo
2020-12-28 08:55:17.462 [http-nio-8080-exec-6] INFO  com.lz.ht.base.BaseController - /userCenter/userInfo
2020-12-28 08:55:18.198 [http-nio-8080-exec-4] INFO  com.lz.ht.base.BaseController - /userCenter/personalMsg
2020-12-28 08:55:18.198 [http-nio-8080-exec-1] INFO  com.lz.ht.base.BaseController - /userCenter/personalMsg
2020-12-28 08:55:18.198 [http-nio-8080-exec-4] INFO  com.lz.ht.base.BaseController - /userCenter/personalMsg
2020-12-28 08:55:18.198 [http-nio-8080-exec-1] INFO  com.lz.ht.base.BaseController - /userCenter/personalMsg
2020-12-28 08:55:18.204 [http-nio-8080-exec-5] INFO  com.lz.ht.base.BaseController - /userCenter/personalMsg
2020-12-28 08:55:18.204 [http-nio-8080-exec-5] INFO  com.lz.ht.base.BaseController - /userCenter/personalMsg
2020-12-28 08:55:18.213 [http-nio-8080-exec-10] INFO  com.lz.ht.base.BaseController - /userCenter/personalMsg
2020-12-28 08:55:18.225 [http-nio-8080-exec-10] INFO  com.lz.ht.base.BaseController - /userCenter/personalMsg
2020-12-28 08:55:35.352 [http-nio-8080-exec-10] INFO  com.lz.ht.base.BaseController - /customer/list
2020-12-28 08:55:35.357 [http-nio-8080-exec-10] INFO  com.lz.ht.base.BaseController - /customer/list
2020-12-28 08:55:37.307 [http-nio-8080-exec-9] INFO  com.lz.ht.base.BaseController - /orgnews/list
2020-12-28 08:55:37.312 [http-nio-8080-exec-9] INFO  com.lz.ht.base.BaseController - /orgnews/list
2020-12-28 08:56:03.034 [http-nio-8080-exec-10] INFO  com.lz.ht.base.BaseController - /userCenter/userInfo
2020-12-28 08:56:03.035 [http-nio-8080-exec-10] INFO  com.lz.ht.base.BaseController - /userCenter/userInfo
2020-12-28 09:21:37.594 [main] INFO  com.lz.ht.CbootApplication - Starting CbootApplication on LAPTOP-35MNPBI6 with PID 16116 (started by 王安轼 in D:\桌面右\企业开发框架\2\cboot)
2020-12-28 09:21:37.595 [main] INFO  com.lz.ht.CbootApplication - The following profiles are active: local
2020-12-28 09:21:38.830 [main] INFO  o.s.c.s.PostProcessorRegistrationDelegate$BeanPostProcessorChecker - Bean 'org.apache.shiro.spring.boot.autoconfigure.ShiroBeanAutoConfiguration' of type [org.apache.shiro.spring.boot.autoconfigure.ShiroBeanAutoConfiguration$$EnhancerBySpringCGLIB$$7f6443d2] is not eligible for getting processed by all BeanPostProcessors (for example: not eligible for auto-proxying)
2020-12-28 09:21:38.885 [main] INFO  o.s.c.s.PostProcessorRegistrationDelegate$BeanPostProcessorChecker - Bean 'org.apache.shiro.spring.boot.autoconfigure.ShiroAnnotationProcessorAutoConfiguration' of type [org.apache.shiro.spring.boot.autoconfigure.ShiroAnnotationProcessorAutoConfiguration$$EnhancerBySpringCGLIB$$81f78277] is not eligible for getting processed by all BeanPostProcessors (for example: not eligible for auto-proxying)
2020-12-28 09:21:38.894 [main] INFO  o.s.c.s.PostProcessorRegistrationDelegate$BeanPostProcessorChecker - Bean 'shiroConfig' of type [com.lz.ht.configuration.ShiroConfig$$EnhancerBySpringCGLIB$$50adc413] is not eligible for getting processed by all BeanPostProcessors (for example: not eligible for auto-proxying)
2020-12-28 09:21:38.911 [main] INFO  o.s.c.s.PostProcessorRegistrationDelegate$BeanPostProcessorChecker - Bean 'org.springframework.transaction.annotation.ProxyTransactionManagementConfiguration' of type [org.springframework.transaction.annotation.ProxyTransactionManagementConfiguration$$EnhancerBySpringCGLIB$$6c4b6622] is not eligible for getting processed by all BeanPostProcessors (for example: not eligible for auto-proxying)
2020-12-28 09:21:39.098 [main] INFO  o.s.c.s.PostProcessorRegistrationDelegate$BeanPostProcessorChecker - Bean 'druidConfig' of type [com.lz.ht.configuration.DruidConfig$$EnhancerBySpringCGLIB$$a5542784] is not eligible for getting processed by all BeanPostProcessors (for example: not eligible for auto-proxying)
2020-12-28 09:21:39.167 [main] INFO  o.s.c.s.PostProcessorRegistrationDelegate$BeanPostProcessorChecker - Bean 'mybatis-org.mybatis.spring.boot.autoconfigure.MybatisProperties' of type [org.mybatis.spring.boot.autoconfigure.MybatisProperties] is not eligible for getting processed by all BeanPostProcessors (for example: not eligible for auto-proxying)
2020-12-28 09:21:39.180 [main] INFO  o.s.c.s.PostProcessorRegistrationDelegate$BeanPostProcessorChecker - Bean 'org.mybatis.spring.boot.autoconfigure.MybatisAutoConfiguration' of type [org.mybatis.spring.boot.autoconfigure.MybatisAutoConfiguration$$EnhancerBySpringCGLIB$$9f1fb752] is not eligible for getting processed by all BeanPostProcessors (for example: not eligible for auto-proxying)
2020-12-28 09:21:40.031 [main] INFO  com.alibaba.druid.pool.DruidDataSource - {dataSource-1} inited
2020-12-28 09:21:40.031 [main] INFO  o.s.c.s.PostProcessorRegistrationDelegate$BeanPostProcessorChecker - Bean 'dataSource' of type [com.alibaba.druid.pool.DruidDataSource] is not eligible for getting processed by all BeanPostProcessors (for example: not eligible for auto-proxying)
2020-12-28 09:21:40.040 [main] INFO  o.s.c.s.PostProcessorRegistrationDelegate$BeanPostProcessorChecker - Bean 'spring.datasource-org.springframework.boot.autoconfigure.jdbc.DataSourceProperties' of type [org.springframework.boot.autoconfigure.jdbc.DataSourceProperties] is not eligible for getting processed by all BeanPostProcessors (for example: not eligible for auto-proxying)
2020-12-28 09:21:40.046 [main] INFO  o.s.c.s.PostProcessorRegistrationDelegate$BeanPostProcessorChecker - Bean 'org.springframework.boot.autoconfigure.jdbc.DataSourceInitializerInvoker' of type [org.springframework.boot.autoconfigure.jdbc.DataSourceInitializerInvoker] is not eligible for getting processed by all BeanPostProcessors (for example: not eligible for auto-proxying)
2020-12-28 09:21:40.309 [main] INFO  o.s.c.s.PostProcessorRegistrationDelegate$BeanPostProcessorChecker - Bean 'sqlSessionFactory' of type [org.apache.ibatis.session.defaults.DefaultSqlSessionFactory] is not eligible for getting processed by all BeanPostProcessors (for example: not eligible for auto-proxying)
2020-12-28 09:21:40.312 [main] INFO  o.s.c.s.PostProcessorRegistrationDelegate$BeanPostProcessorChecker - Bean 'sqlSessionTemplate' of type [org.mybatis.spring.SqlSessionTemplate] is not eligible for getting processed by all BeanPostProcessors (for example: not eligible for auto-proxying)
2020-12-28 09:21:40.313 [main] INFO  com.lz.ht.configuration.DruidConfig - -------------SqlMapper ------------
2020-12-28 09:21:40.314 [main] INFO  o.s.c.s.PostProcessorRegistrationDelegate$BeanPostProcessorChecker - Bean 'sqlMapper' of type [com.github.abel533.sql.SqlMapper] is not eligible for getting processed by all BeanPostProcessors (for example: not eligible for auto-proxying)
2020-12-28 09:21:40.327 [main] INFO  o.s.c.s.PostProcessorRegistrationDelegate$BeanPostProcessorChecker - Bean 'roleResourcesMapper' of type [org.mybatis.spring.mapper.MapperFactoryBean] is not eligible for getting processed by all BeanPostProcessors (for example: not eligible for auto-proxying)
2020-12-28 09:21:40.328 [main] INFO  o.s.c.s.PostProcessorRegistrationDelegate$BeanPostProcessorChecker - Bean 'roleResourcesMapper' of type [com.sun.proxy.$Proxy64] is not eligible for getting processed by all BeanPostProcessors (for example: not eligible for auto-proxying)
2020-12-28 09:21:40.329 [main] INFO  o.s.c.s.PostProcessorRegistrationDelegate$BeanPostProcessorChecker - Bean 'roleResourcesServiceImpl' of type [com.lz.ht.service.serviceImpl.RoleResourcesServiceImpl] is not eligible for getting processed by all BeanPostProcessors (for example: not eligible for auto-proxying)
2020-12-28 09:21:40.335 [main] INFO  o.s.c.s.PostProcessorRegistrationDelegate$BeanPostProcessorChecker - Bean 'userRoleMapper' of type [org.mybatis.spring.mapper.MapperFactoryBean] is not eligible for getting processed by all BeanPostProcessors (for example: not eligible for auto-proxying)
2020-12-28 09:21:40.336 [main] INFO  o.s.c.s.PostProcessorRegistrationDelegate$BeanPostProcessorChecker - Bean 'userRoleMapper' of type [com.sun.proxy.$Proxy67] is not eligible for getting processed by all BeanPostProcessors (for example: not eligible for auto-proxying)
2020-12-28 09:21:40.336 [main] INFO  o.s.c.s.PostProcessorRegistrationDelegate$BeanPostProcessorChecker - Bean 'userRoleServiceImpl' of type [com.lz.ht.service.serviceImpl.UserRoleServiceImpl] is not eligible for getting processed by all BeanPostProcessors (for example: not eligible for auto-proxying)
2020-12-28 09:21:40.342 [main] INFO  o.s.c.s.PostProcessorRegistrationDelegate$BeanPostProcessorChecker - Bean 'userMapper' of type [org.mybatis.spring.mapper.MapperFactoryBean] is not eligible for getting processed by all BeanPostProcessors (for example: not eligible for auto-proxying)
2020-12-28 09:21:40.343 [main] INFO  o.s.c.s.PostProcessorRegistrationDelegate$BeanPostProcessorChecker - Bean 'userMapper' of type [com.sun.proxy.$Proxy68] is not eligible for getting processed by all BeanPostProcessors (for example: not eligible for auto-proxying)
2020-12-28 09:21:40.345 [main] INFO  o.s.c.s.PostProcessorRegistrationDelegate$BeanPostProcessorChecker - Bean 'userServiceImpl' of type [com.lz.ht.service.serviceImpl.UserServiceImpl] is not eligible for getting processed by all BeanPostProcessors (for example: not eligible for auto-proxying)
2020-12-28 09:21:40.345 [main] INFO  o.s.c.s.PostProcessorRegistrationDelegate$BeanPostProcessorChecker - Bean 'customRealm' of type [com.lz.ht.realm.CustomRealm] is not eligible for getting processed by all BeanPostProcessors (for example: not eligible for auto-proxying)
2020-12-28 09:21:40.349 [main] INFO  o.s.c.s.PostProcessorRegistrationDelegate$BeanPostProcessorChecker - Bean 'securityManager' of type [org.apache.shiro.web.mgt.DefaultWebSecurityManager] is not eligible for getting processed by all BeanPostProcessors (for example: not eligible for auto-proxying)
2020-12-28 09:21:40.357 [main] INFO  o.s.c.s.PostProcessorRegistrationDelegate$BeanPostProcessorChecker - Bean 'authorizationAttributeSourceAdvisor' of type [org.apache.shiro.spring.security.interceptor.AuthorizationAttributeSourceAdvisor] is not eligible for getting processed by all BeanPostProcessors (for example: not eligible for auto-proxying)
2020-12-28 09:21:40.377 [main] INFO  o.s.c.s.PostProcessorRegistrationDelegate$BeanPostProcessorChecker - Bean 'eventBus' of type [org.apache.shiro.event.support.DefaultEventBus] is not eligible for getting processed by all BeanPostProcessors (for example: not eligible for auto-proxying)
2020-12-28 09:21:40.677 [main] INFO  o.s.boot.web.embedded.tomcat.TomcatWebServer - Tomcat initialized with port(s): 8080 (http)
2020-12-28 09:21:40.706 [main] INFO  org.apache.coyote.http11.Http11NioProtocol - Initializing ProtocolHandler ["http-nio-8080"]
2020-12-28 09:21:41.061 [main] INFO  org.apache.catalina.core.StandardService - Starting service [Tomcat]
2020-12-28 09:21:41.061 [main] INFO  org.apache.catalina.core.StandardEngine - Starting Servlet engine: [Apache Tomcat/9.0.22]
2020-12-28 09:21:41.072 [main] INFO  org.apache.catalina.core.AprLifecycleListener - An older version [1.2.17] of the APR based Apache Tomcat Native library is installed, while Tomcat recommends a minimum version of [1.2.23]
2020-12-28 09:21:41.072 [main] INFO  org.apache.catalina.core.AprLifecycleListener - Loaded APR based Apache Tomcat Native library [1.2.17] using APR version [1.6.3].
2020-12-28 09:21:41.072 [main] INFO  org.apache.catalina.core.AprLifecycleListener - APR capabilities: IPv6 [true], sendfile [true], accept filters [false], random [true].
2020-12-28 09:21:41.072 [main] INFO  org.apache.catalina.core.AprLifecycleListener - APR/OpenSSL configuration: useAprConnector [false], useOpenSSL [true]
2020-12-28 09:21:42.138 [main] INFO  org.apache.catalina.core.AprLifecycleListener - OpenSSL successfully initialized [OpenSSL 1.0.2o  27 Mar 2018]
2020-12-28 09:21:42.445 [main] INFO  o.a.c.core.ContainerBase.[Tomcat].[localhost].[/] - Initializing Spring embedded WebApplicationContext
2020-12-28 09:21:42.445 [main] INFO  org.springframework.web.context.ContextLoader - Root WebApplicationContext: initialization completed in 4761 ms
2020-12-28 09:21:42.843 [main] INFO  o.s.boot.web.servlet.RegistrationBean - Filter webStatFilter was not registered (possibly already registered?)
2020-12-28 09:21:42.846 [main] INFO  o.s.boot.web.servlet.RegistrationBean - Servlet statViewServlet was not registered (possibly already registered?)
2020-12-28 09:21:43.056 [main] INFO  com.lz.ht.constant.SysConstant - ***********SYSTEM_CONFIGS***********
2020-12-28 09:21:43.057 [main] INFO  com.lz.ht.constant.SysConstant - [com.lz.ht.model.SysConfig@4f59a516, com.lz.ht.model.SysConfig@4e22368c]
2020-12-28 09:21:43.057 [main] INFO  com.lz.ht.constant.SysConstant - ***********SYSTEM_CONFIGS***********
2020-12-28 09:21:43.254 [main] INFO  org.quartz.impl.StdSchedulerFactory - Using default implementation for ThreadExecutor
2020-12-28 09:21:43.256 [main] INFO  org.quartz.simpl.SimpleThreadPool - Job execution threads will use class loader of thread: main
2020-12-28 09:21:43.271 [main] INFO  org.quartz.core.SchedulerSignalerImpl - Initialized Scheduler Signaller of type: class org.quartz.core.SchedulerSignalerImpl
2020-12-28 09:21:43.272 [main] INFO  org.quartz.core.QuartzScheduler - Quartz Scheduler v.2.3.1 created.
2020-12-28 09:21:43.272 [main] INFO  org.quartz.simpl.RAMJobStore - RAMJobStore initialized.
2020-12-28 09:21:43.273 [main] INFO  org.quartz.core.QuartzScheduler - Scheduler meta-data: Quartz Scheduler (v2.3.1) 'DefaultQuartzScheduler' with instanceId 'NON_CLUSTERED'
  Scheduler class: 'org.quartz.core.QuartzScheduler' - running locally.
  NOT STARTED.
  Currently in standby mode.
  Number of jobs executed: 0
  Using thread pool 'org.quartz.simpl.SimpleThreadPool' - with 10 threads.
  Using job-store 'org.quartz.simpl.RAMJobStore' - which does not support persistence. and is not clustered.

2020-12-28 09:21:43.273 [main] INFO  org.quartz.impl.StdSchedulerFactory - Quartz scheduler 'DefaultQuartzScheduler' initialized from default resource file in Quartz package: 'quartz.properties'
2020-12-28 09:21:43.273 [main] INFO  org.quartz.impl.StdSchedulerFactory - Quartz scheduler version: 2.3.1
2020-12-28 09:21:43.490 [main] INFO  o.s.scheduling.concurrent.ThreadPoolTaskExecutor - Initializing ExecutorService 'applicationTaskExecutor'
2020-12-28 09:21:44.075 [main] INFO  org.quartz.impl.StdSchedulerFactory - Using default implementation for ThreadExecutor
2020-12-28 09:21:44.077 [main] INFO  org.quartz.core.SchedulerSignalerImpl - Initialized Scheduler Signaller of type: class org.quartz.core.SchedulerSignalerImpl
2020-12-28 09:21:44.077 [main] INFO  org.quartz.core.QuartzScheduler - Quartz Scheduler v.2.3.1 created.
2020-12-28 09:21:44.077 [main] INFO  org.quartz.simpl.RAMJobStore - RAMJobStore initialized.
2020-12-28 09:21:44.077 [main] INFO  org.quartz.core.QuartzScheduler - Scheduler meta-data: Quartz Scheduler (v2.3.1) 'quartzScheduler' with instanceId 'NON_CLUSTERED'
  Scheduler class: 'org.quartz.core.QuartzScheduler' - running locally.
  NOT STARTED.
  Currently in standby mode.
  Number of jobs executed: 0
  Using thread pool 'org.quartz.simpl.SimpleThreadPool' - with 10 threads.
  Using job-store 'org.quartz.simpl.RAMJobStore' - which does not support persistence. and is not clustered.

2020-12-28 09:21:44.077 [main] INFO  org.quartz.impl.StdSchedulerFactory - Quartz scheduler 'quartzScheduler' initialized from an externally provided properties instance.
2020-12-28 09:21:44.077 [main] INFO  org.quartz.impl.StdSchedulerFactory - Quartz scheduler version: 2.3.1
2020-12-28 09:21:44.077 [main] INFO  org.quartz.core.QuartzScheduler - JobFactory set to: org.springframework.scheduling.quartz.SpringBeanJobFactory@5763a655
2020-12-28 09:21:44.116 [main] INFO  o.s.b.actuate.endpoint.web.EndpointLinksResolver - Exposing 2 endpoint(s) beneath base path '/actuator'
2020-12-28 09:21:44.179 [main] INFO  o.s.scheduling.quartz.SchedulerFactoryBean - Starting Quartz Scheduler now
2020-12-28 09:21:44.179 [main] INFO  org.quartz.core.QuartzScheduler - Scheduler quartzScheduler_$_NON_CLUSTERED started.
2020-12-28 09:21:44.206 [main] INFO  org.apache.coyote.http11.Http11NioProtocol - Starting ProtocolHandler ["http-nio-8080"]
2020-12-28 09:21:44.229 [main] INFO  o.s.boot.web.embedded.tomcat.TomcatWebServer - Tomcat started on port(s): 8080 (http) with context path ''
2020-12-28 09:21:44.232 [main] INFO  com.lz.ht.CbootApplication - Started CbootApplication in 7.384 seconds (JVM running for 8.818)
2020-12-28 09:21:45.334 [RMI TCP Connection(5)-192.168.228.1] INFO  o.a.c.core.ContainerBase.[Tomcat].[localhost].[/] - Initializing Spring DispatcherServlet 'dispatcherServlet'
2020-12-28 09:21:45.334 [RMI TCP Connection(5)-192.168.228.1] INFO  org.springframework.web.servlet.DispatcherServlet - Initializing Servlet 'dispatcherServlet'
2020-12-28 09:21:45.344 [RMI TCP Connection(5)-192.168.228.1] INFO  org.springframework.web.servlet.DispatcherServlet - Completed initialization in 10 ms
2020-12-28 09:22:02.342 [main] INFO  com.lz.ht.CbootApplication - Starting CbootApplication on LAPTOP-35MNPBI6 with PID 9392 (started by 王安轼 in D:\桌面右\企业开发框架\2\cboot)
2020-12-28 09:22:02.343 [main] INFO  com.lz.ht.CbootApplication - The following profiles are active: local
2020-12-28 09:22:03.534 [main] INFO  o.s.c.s.PostProcessorRegistrationDelegate$BeanPostProcessorChecker - Bean 'org.apache.shiro.spring.boot.autoconfigure.ShiroBeanAutoConfiguration' of type [org.apache.shiro.spring.boot.autoconfigure.ShiroBeanAutoConfiguration$$EnhancerBySpringCGLIB$$8c14f146] is not eligible for getting processed by all BeanPostProcessors (for example: not eligible for auto-proxying)
2020-12-28 09:22:03.584 [main] INFO  o.s.c.s.PostProcessorRegistrationDelegate$BeanPostProcessorChecker - Bean 'org.apache.shiro.spring.boot.autoconfigure.ShiroAnnotationProcessorAutoConfiguration' of type [org.apache.shiro.spring.boot.autoconfigure.ShiroAnnotationProcessorAutoConfiguration$$EnhancerBySpringCGLIB$$8ea82feb] is not eligible for getting processed by all BeanPostProcessors (for example: not eligible for auto-proxying)
2020-12-28 09:22:03.589 [main] INFO  o.s.c.s.PostProcessorRegistrationDelegate$BeanPostProcessorChecker - Bean 'shiroConfig' of type [com.lz.ht.configuration.ShiroConfig$$EnhancerBySpringCGLIB$$5d5e7187] is not eligible for getting processed by all BeanPostProcessors (for example: not eligible for auto-proxying)
2020-12-28 09:22:03.600 [main] INFO  o.s.c.s.PostProcessorRegistrationDelegate$BeanPostProcessorChecker - Bean 'org.springframework.transaction.annotation.ProxyTransactionManagementConfiguration' of type [org.springframework.transaction.annotation.ProxyTransactionManagementConfiguration$$EnhancerBySpringCGLIB$$78fc1396] is not eligible for getting processed by all BeanPostProcessors (for example: not eligible for auto-proxying)
2020-12-28 09:22:03.736 [main] INFO  o.s.c.s.PostProcessorRegistrationDelegate$BeanPostProcessorChecker - Bean 'druidConfig' of type [com.lz.ht.configuration.DruidConfig$$EnhancerBySpringCGLIB$$b204d4f8] is not eligible for getting processed by all BeanPostProcessors (for example: not eligible for auto-proxying)
2020-12-28 09:22:03.801 [main] INFO  o.s.c.s.PostProcessorRegistrationDelegate$BeanPostProcessorChecker - Bean 'mybatis-org.mybatis.spring.boot.autoconfigure.MybatisProperties' of type [org.mybatis.spring.boot.autoconfigure.MybatisProperties] is not eligible for getting processed by all BeanPostProcessors (for example: not eligible for auto-proxying)
2020-12-28 09:22:03.812 [main] INFO  o.s.c.s.PostProcessorRegistrationDelegate$BeanPostProcessorChecker - Bean 'org.mybatis.spring.boot.autoconfigure.MybatisAutoConfiguration' of type [org.mybatis.spring.boot.autoconfigure.MybatisAutoConfiguration$$EnhancerBySpringCGLIB$$abd064c6] is not eligible for getting processed by all BeanPostProcessors (for example: not eligible for auto-proxying)
2020-12-28 09:22:04.660 [main] INFO  com.alibaba.druid.pool.DruidDataSource - {dataSource-1} inited
2020-12-28 09:22:04.660 [main] INFO  o.s.c.s.PostProcessorRegistrationDelegate$BeanPostProcessorChecker - Bean 'dataSource' of type [com.alibaba.druid.pool.DruidDataSource] is not eligible for getting processed by all BeanPostProcessors (for example: not eligible for auto-proxying)
2020-12-28 09:22:04.670 [main] INFO  o.s.c.s.PostProcessorRegistrationDelegate$BeanPostProcessorChecker - Bean 'spring.datasource-org.springframework.boot.autoconfigure.jdbc.DataSourceProperties' of type [org.springframework.boot.autoconfigure.jdbc.DataSourceProperties] is not eligible for getting processed by all BeanPostProcessors (for example: not eligible for auto-proxying)
2020-12-28 09:22:04.675 [main] INFO  o.s.c.s.PostProcessorRegistrationDelegate$BeanPostProcessorChecker - Bean 'org.springframework.boot.autoconfigure.jdbc.DataSourceInitializerInvoker' of type [org.springframework.boot.autoconfigure.jdbc.DataSourceInitializerInvoker] is not eligible for getting processed by all BeanPostProcessors (for example: not eligible for auto-proxying)
2020-12-28 09:22:04.927 [main] INFO  o.s.c.s.PostProcessorRegistrationDelegate$BeanPostProcessorChecker - Bean 'sqlSessionFactory' of type [org.apache.ibatis.session.defaults.DefaultSqlSessionFactory] is not eligible for getting processed by all BeanPostProcessors (for example: not eligible for auto-proxying)
2020-12-28 09:22:04.931 [main] INFO  o.s.c.s.PostProcessorRegistrationDelegate$BeanPostProcessorChecker - Bean 'sqlSessionTemplate' of type [org.mybatis.spring.SqlSessionTemplate] is not eligible for getting processed by all BeanPostProcessors (for example: not eligible for auto-proxying)
2020-12-28 09:22:04.932 [main] INFO  com.lz.ht.configuration.DruidConfig - -------------SqlMapper ------------
2020-12-28 09:22:04.932 [main] INFO  o.s.c.s.PostProcessorRegistrationDelegate$BeanPostProcessorChecker - Bean 'sqlMapper' of type [com.github.abel533.sql.SqlMapper] is not eligible for getting processed by all BeanPostProcessors (for example: not eligible for auto-proxying)
2020-12-28 09:22:04.945 [main] INFO  o.s.c.s.PostProcessorRegistrationDelegate$BeanPostProcessorChecker - Bean 'userRoleMapper' of type [org.mybatis.spring.mapper.MapperFactoryBean] is not eligible for getting processed by all BeanPostProcessors (for example: not eligible for auto-proxying)
2020-12-28 09:22:04.946 [main] INFO  o.s.c.s.PostProcessorRegistrationDelegate$BeanPostProcessorChecker - Bean 'userRoleMapper' of type [com.sun.proxy.$Proxy64] is not eligible for getting processed by all BeanPostProcessors (for example: not eligible for auto-proxying)
2020-12-28 09:22:04.947 [main] INFO  o.s.c.s.PostProcessorRegistrationDelegate$BeanPostProcessorChecker - Bean 'userRoleServiceImpl' of type [com.lz.ht.service.serviceImpl.UserRoleServiceImpl] is not eligible for getting processed by all BeanPostProcessors (for example: not eligible for auto-proxying)
2020-12-28 09:22:04.953 [main] INFO  o.s.c.s.PostProcessorRegistrationDelegate$BeanPostProcessorChecker - Bean 'roleResourcesMapper' of type [org.mybatis.spring.mapper.MapperFactoryBean] is not eligible for getting processed by all BeanPostProcessors (for example: not eligible for auto-proxying)
2020-12-28 09:22:04.953 [main] INFO  o.s.c.s.PostProcessorRegistrationDelegate$BeanPostProcessorChecker - Bean 'roleResourcesMapper' of type [com.sun.proxy.$Proxy67] is not eligible for getting processed by all BeanPostProcessors (for example: not eligible for auto-proxying)
2020-12-28 09:22:04.954 [main] INFO  o.s.c.s.PostProcessorRegistrationDelegate$BeanPostProcessorChecker - Bean 'roleResourcesServiceImpl' of type [com.lz.ht.service.serviceImpl.RoleResourcesServiceImpl] is not eligible for getting processed by all BeanPostProcessors (for example: not eligible for auto-proxying)
2020-12-28 09:22:04.960 [main] INFO  o.s.c.s.PostProcessorRegistrationDelegate$BeanPostProcessorChecker - Bean 'userMapper' of type [org.mybatis.spring.mapper.MapperFactoryBean] is not eligible for getting processed by all BeanPostProcessors (for example: not eligible for auto-proxying)
2020-12-28 09:22:04.960 [main] INFO  o.s.c.s.PostProcessorRegistrationDelegate$BeanPostProcessorChecker - Bean 'userMapper' of type [com.sun.proxy.$Proxy68] is not eligible for getting processed by all BeanPostProcessors (for example: not eligible for auto-proxying)
2020-12-28 09:22:04.962 [main] INFO  o.s.c.s.PostProcessorRegistrationDelegate$BeanPostProcessorChecker - Bean 'userServiceImpl' of type [com.lz.ht.service.serviceImpl.UserServiceImpl] is not eligible for getting processed by all BeanPostProcessors (for example: not eligible for auto-proxying)
2020-12-28 09:22:04.962 [main] INFO  o.s.c.s.PostProcessorRegistrationDelegate$BeanPostProcessorChecker - Bean 'customRealm' of type [com.lz.ht.realm.CustomRealm] is not eligible for getting processed by all BeanPostProcessors (for example: not eligible for auto-proxying)
2020-12-28 09:22:04.965 [main] INFO  o.s.c.s.PostProcessorRegistrationDelegate$BeanPostProcessorChecker - Bean 'securityManager' of type [org.apache.shiro.web.mgt.DefaultWebSecurityManager] is not eligible for getting processed by all BeanPostProcessors (for example: not eligible for auto-proxying)
2020-12-28 09:22:04.974 [main] INFO  o.s.c.s.PostProcessorRegistrationDelegate$BeanPostProcessorChecker - Bean 'authorizationAttributeSourceAdvisor' of type [org.apache.shiro.spring.security.interceptor.AuthorizationAttributeSourceAdvisor] is not eligible for getting processed by all BeanPostProcessors (for example: not eligible for auto-proxying)
2020-12-28 09:22:04.992 [main] INFO  o.s.c.s.PostProcessorRegistrationDelegate$BeanPostProcessorChecker - Bean 'eventBus' of type [org.apache.shiro.event.support.DefaultEventBus] is not eligible for getting processed by all BeanPostProcessors (for example: not eligible for auto-proxying)
2020-12-28 09:22:05.259 [main] INFO  o.s.boot.web.embedded.tomcat.TomcatWebServer - Tomcat initialized with port(s): 8080 (http)
2020-12-28 09:22:05.289 [main] INFO  org.apache.coyote.http11.Http11NioProtocol - Initializing ProtocolHandler ["http-nio-8080"]
2020-12-28 09:22:05.641 [main] INFO  org.apache.catalina.core.StandardService - Starting service [Tomcat]
2020-12-28 09:22:05.641 [main] INFO  org.apache.catalina.core.StandardEngine - Starting Servlet engine: [Apache Tomcat/9.0.22]
2020-12-28 09:22:05.649 [main] INFO  org.apache.catalina.core.AprLifecycleListener - An older version [1.2.17] of the APR based Apache Tomcat Native library is installed, while Tomcat recommends a minimum version of [1.2.23]
2020-12-28 09:22:05.649 [main] INFO  org.apache.catalina.core.AprLifecycleListener - Loaded APR based Apache Tomcat Native library [1.2.17] using APR version [1.6.3].
2020-12-28 09:22:05.649 [main] INFO  org.apache.catalina.core.AprLifecycleListener - APR capabilities: IPv6 [true], sendfile [true], accept filters [false], random [true].
2020-12-28 09:22:05.650 [main] INFO  org.apache.catalina.core.AprLifecycleListener - APR/OpenSSL configuration: useAprConnector [false], useOpenSSL [true]
2020-12-28 09:22:06.702 [main] INFO  org.apache.catalina.core.AprLifecycleListener - OpenSSL successfully initialized [OpenSSL 1.0.2o  27 Mar 2018]
2020-12-28 09:22:06.938 [main] INFO  o.a.c.core.ContainerBase.[Tomcat].[localhost].[/] - Initializing Spring embedded WebApplicationContext
2020-12-28 09:22:06.938 [main] INFO  org.springframework.web.context.ContextLoader - Root WebApplicationContext: initialization completed in 4513 ms
2020-12-28 09:22:07.368 [main] INFO  o.s.boot.web.servlet.RegistrationBean - Filter webStatFilter was not registered (possibly already registered?)
2020-12-28 09:22:07.373 [main] INFO  o.s.boot.web.servlet.RegistrationBean - Servlet statViewServlet was not registered (possibly already registered?)
2020-12-28 09:22:07.565 [main] INFO  com.lz.ht.constant.SysConstant - ***********SYSTEM_CONFIGS***********
2020-12-28 09:22:07.565 [main] INFO  com.lz.ht.constant.SysConstant - [com.lz.ht.model.SysConfig@e7b265e, com.lz.ht.model.SysConfig@51da32e5]
2020-12-28 09:22:07.565 [main] INFO  com.lz.ht.constant.SysConstant - ***********SYSTEM_CONFIGS***********
2020-12-28 09:22:07.768 [main] INFO  org.quartz.impl.StdSchedulerFactory - Using default implementation for ThreadExecutor
2020-12-28 09:22:07.769 [main] INFO  org.quartz.simpl.SimpleThreadPool - Job execution threads will use class loader of thread: main
2020-12-28 09:22:07.778 [main] INFO  org.quartz.core.SchedulerSignalerImpl - Initialized Scheduler Signaller of type: class org.quartz.core.SchedulerSignalerImpl
2020-12-28 09:22:07.778 [main] INFO  org.quartz.core.QuartzScheduler - Quartz Scheduler v.2.3.1 created.
2020-12-28 09:22:07.779 [main] INFO  org.quartz.simpl.RAMJobStore - RAMJobStore initialized.
2020-12-28 09:22:07.780 [main] INFO  org.quartz.core.QuartzScheduler - Scheduler meta-data: Quartz Scheduler (v2.3.1) 'DefaultQuartzScheduler' with instanceId 'NON_CLUSTERED'
  Scheduler class: 'org.quartz.core.QuartzScheduler' - running locally.
  NOT STARTED.
  Currently in standby mode.
  Number of jobs executed: 0
  Using thread pool 'org.quartz.simpl.SimpleThreadPool' - with 10 threads.
  Using job-store 'org.quartz.simpl.RAMJobStore' - which does not support persistence. and is not clustered.

2020-12-28 09:22:07.780 [main] INFO  org.quartz.impl.StdSchedulerFactory - Quartz scheduler 'DefaultQuartzScheduler' initialized from default resource file in Quartz package: 'quartz.properties'
2020-12-28 09:22:07.780 [main] INFO  org.quartz.impl.StdSchedulerFactory - Quartz scheduler version: 2.3.1
2020-12-28 09:22:07.986 [main] INFO  o.s.scheduling.concurrent.ThreadPoolTaskExecutor - Initializing ExecutorService 'applicationTaskExecutor'
2020-12-28 09:22:08.596 [main] INFO  org.quartz.impl.StdSchedulerFactory - Using default implementation for ThreadExecutor
2020-12-28 09:22:08.597 [main] INFO  org.quartz.core.SchedulerSignalerImpl - Initialized Scheduler Signaller of type: class org.quartz.core.SchedulerSignalerImpl
2020-12-28 09:22:08.598 [main] INFO  org.quartz.core.QuartzScheduler - Quartz Scheduler v.2.3.1 created.
2020-12-28 09:22:08.598 [main] INFO  org.quartz.simpl.RAMJobStore - RAMJobStore initialized.
2020-12-28 09:22:08.598 [main] INFO  org.quartz.core.QuartzScheduler - Scheduler meta-data: Quartz Scheduler (v2.3.1) 'quartzScheduler' with instanceId 'NON_CLUSTERED'
  Scheduler class: 'org.quartz.core.QuartzScheduler' - running locally.
  NOT STARTED.
  Currently in standby mode.
  Number of jobs executed: 0
  Using thread pool 'org.quartz.simpl.SimpleThreadPool' - with 10 threads.
  Using job-store 'org.quartz.simpl.RAMJobStore' - which does not support persistence. and is not clustered.

2020-12-28 09:22:08.598 [main] INFO  org.quartz.impl.StdSchedulerFactory - Quartz scheduler 'quartzScheduler' initialized from an externally provided properties instance.
2020-12-28 09:22:08.598 [main] INFO  org.quartz.impl.StdSchedulerFactory - Quartz scheduler version: 2.3.1
2020-12-28 09:22:08.598 [main] INFO  org.quartz.core.QuartzScheduler - JobFactory set to: org.springframework.scheduling.quartz.SpringBeanJobFactory@13278a41
2020-12-28 09:22:08.641 [main] INFO  o.s.b.actuate.endpoint.web.EndpointLinksResolver - Exposing 2 endpoint(s) beneath base path '/actuator'
2020-12-28 09:22:08.704 [main] INFO  o.s.scheduling.quartz.SchedulerFactoryBean - Starting Quartz Scheduler now
2020-12-28 09:22:08.704 [main] INFO  org.quartz.core.QuartzScheduler - Scheduler quartzScheduler_$_NON_CLUSTERED started.
2020-12-28 09:22:08.730 [main] INFO  org.apache.coyote.http11.Http11NioProtocol - Starting ProtocolHandler ["http-nio-8080"]
2020-12-28 09:22:08.772 [main] INFO  o.s.boot.web.embedded.tomcat.TomcatWebServer - Tomcat started on port(s): 8080 (http) with context path ''
2020-12-28 09:22:08.775 [main] INFO  com.lz.ht.CbootApplication - Started CbootApplication in 7.157 seconds (JVM running for 9.311)
2020-12-28 09:22:10.198 [RMI TCP Connection(3)-192.168.228.1] INFO  o.a.c.core.ContainerBase.[Tomcat].[localhost].[/] - Initializing Spring DispatcherServlet 'dispatcherServlet'
2020-12-28 09:22:10.199 [RMI TCP Connection(3)-192.168.228.1] INFO  org.springframework.web.servlet.DispatcherServlet - Initializing Servlet 'dispatcherServlet'
2020-12-28 09:22:10.209 [RMI TCP Connection(3)-192.168.228.1] INFO  org.springframework.web.servlet.DispatcherServlet - Completed initialization in 10 ms
2020-12-28 09:22:29.231 [http-nio-8080-exec-1] INFO  com.lz.ht.base.BaseController - /login
2020-12-28 09:22:29.231 [http-nio-8080-exec-1] INFO  com.lz.ht.base.BaseController - /login
2020-12-28 09:22:29.360 [http-nio-8080-exec-1] INFO  com.lz.ht.base.BaseController - /login
2020-12-28 09:22:29.363 [http-nio-8080-exec-1] INFO  com.lz.ht.base.BaseController - /login
2020-12-28 09:34:35.678 [http-nio-8080-exec-8] INFO  com.lz.ht.base.BaseController - /userCenter/userInfo
2020-12-28 09:34:35.678 [http-nio-8080-exec-8] INFO  com.lz.ht.base.BaseController - /userCenter/userInfo
