2020-12-23 19:50:33.640 [http-nio-8080-exec-9] ERROR com.lz.ht.base.exadvice.GlobalExceptionHandler - 异常开始：异常信息：
org.springframework.validation.BindException: org.springframework.validation.BeanPropertyBindingResult: 1 errors
Field error in object 'costCollection' on field 'collectionDate': rejected value [Sat Dec 12 00:00:00 GMT+08:00 2020]; codes [typeMismatch.costCollection.collectionDate,typeMismatch.collectionDate,typeMismatch.java.util.Date,typeMismatch]; arguments [org.springframework.context.support.DefaultMessageSourceResolvable: codes [costCollection.collectionDate,collectionDate]; arguments []; default message [collectionDate]]; default message [Failed to convert property value of type 'java.lang.String' to required type 'java.util.Date' for property 'collectionDate'; nested exception is org.springframework.core.convert.ConversionFailedException: Failed to convert from type [java.lang.String] to type [java.util.Date] for value 'Sat Dec 12 00:00:00 GMT+08:00 2020'; nested exception is com.sun.corba.se.impl.io.TypeMismatchException]
	at org.springframework.web.method.annotation.ModelAttributeMethodProcessor.resolveArgument(ModelAttributeMethodProcessor.java:164)
	at org.springframework.web.method.support.HandlerMethodArgumentResolverComposite.resolveArgument(HandlerMethodArgumentResolverComposite.java:127)
	at org.springframework.web.method.support.InvocableHandlerMethod.getMethodArgumentValues(InvocableHandlerMethod.java:167)
	at org.springframework.web.method.support.InvocableHandlerMethod.invokeForRequest(InvocableHandlerMethod.java:134)
	at org.springframework.web.servlet.mvc.method.annotation.ServletInvocableHandlerMethod.invokeAndHandle(ServletInvocableHandlerMethod.java:104)
	at org.springframework.web.servlet.mvc.method.annotation.RequestMappingHandlerAdapter.invokeHandlerMethod(RequestMappingHandlerAdapter.java:892)
	at org.springframework.web.servlet.mvc.method.annotation.RequestMappingHandlerAdapter.handleInternal(RequestMappingHandlerAdapter.java:797)
	at org.springframework.web.servlet.mvc.method.AbstractHandlerMethodAdapter.handle(AbstractHandlerMethodAdapter.java:87)
	at org.springframework.web.servlet.DispatcherServlet.doDispatch(DispatcherServlet.java:1039)
	at org.springframework.web.servlet.DispatcherServlet.doService(DispatcherServlet.java:942)
	at org.springframework.web.servlet.FrameworkServlet.processRequest(FrameworkServlet.java:1005)
	at org.springframework.web.servlet.FrameworkServlet.doPost(FrameworkServlet.java:908)
	at javax.servlet.http.HttpServlet.service(HttpServlet.java:660)
	at org.springframework.web.servlet.FrameworkServlet.service(FrameworkServlet.java:882)
	at javax.servlet.http.HttpServlet.service(HttpServlet.java:741)
	at org.apache.catalina.core.ApplicationFilterChain.internalDoFilter(ApplicationFilterChain.java:231)
	at org.apache.catalina.core.ApplicationFilterChain.doFilter(ApplicationFilterChain.java:166)
	at org.apache.tomcat.websocket.server.WsFilter.doFilter(WsFilter.java:53)
	at org.apache.catalina.core.ApplicationFilterChain.internalDoFilter(ApplicationFilterChain.java:193)
	at org.apache.catalina.core.ApplicationFilterChain.doFilter(ApplicationFilterChain.java:166)
	at org.apache.shiro.web.servlet.ProxiedFilterChain.doFilter(ProxiedFilterChain.java:61)
	at org.apache.shiro.web.servlet.AdviceFilter.executeChain(AdviceFilter.java:108)
	at org.apache.shiro.web.servlet.AdviceFilter.doFilterInternal(AdviceFilter.java:137)
	at org.apache.shiro.web.servlet.OncePerRequestFilter.doFilter(OncePerRequestFilter.java:125)
	at org.apache.shiro.web.servlet.ProxiedFilterChain.doFilter(ProxiedFilterChain.java:66)
	at org.apache.shiro.web.servlet.AbstractShiroFilter.executeChain(AbstractShiroFilter.java:449)
	at org.apache.shiro.web.servlet.AbstractShiroFilter$1.call(AbstractShiroFilter.java:365)
	at org.apache.shiro.subject.support.SubjectCallable.doCall(SubjectCallable.java:90)
	at org.apache.shiro.subject.support.SubjectCallable.call(SubjectCallable.java:83)
	at org.apache.shiro.subject.support.DelegatingSubject.execute(DelegatingSubject.java:387)
	at org.apache.shiro.web.servlet.AbstractShiroFilter.doFilterInternal(AbstractShiroFilter.java:362)
	at org.apache.shiro.web.servlet.OncePerRequestFilter.doFilter(OncePerRequestFilter.java:125)
	at org.apache.catalina.core.ApplicationFilterChain.internalDoFilter(ApplicationFilterChain.java:193)
	at org.apache.catalina.core.ApplicationFilterChain.doFilter(ApplicationFilterChain.java:166)
	at com.alibaba.druid.support.http.WebStatFilter.doFilter(WebStatFilter.java:123)
	at org.apache.catalina.core.ApplicationFilterChain.internalDoFilter(ApplicationFilterChain.java:193)
	at org.apache.catalina.core.ApplicationFilterChain.doFilter(ApplicationFilterChain.java:166)
	at org.springframework.boot.actuate.web.trace.servlet.HttpTraceFilter.doFilterInternal(HttpTraceFilter.java:88)
	at org.springframework.web.filter.OncePerRequestFilter.doFilter(OncePerRequestFilter.java:118)
	at org.apache.catalina.core.ApplicationFilterChain.internalDoFilter(ApplicationFilterChain.java:193)
	at org.apache.catalina.core.ApplicationFilterChain.doFilter(ApplicationFilterChain.java:166)
	at org.springframework.web.filter.RequestContextFilter.doFilterInternal(RequestContextFilter.java:99)
	at org.springframework.web.filter.OncePerRequestFilter.doFilter(OncePerRequestFilter.java:118)
	at org.apache.catalina.core.ApplicationFilterChain.internalDoFilter(ApplicationFilterChain.java:193)
	at org.apache.catalina.core.ApplicationFilterChain.doFilter(ApplicationFilterChain.java:166)
	at org.springframework.web.filter.FormContentFilter.doFilterInternal(FormContentFilter.java:92)
	at org.springframework.web.filter.OncePerRequestFilter.doFilter(OncePerRequestFilter.java:118)
	at org.apache.catalina.core.ApplicationFilterChain.internalDoFilter(ApplicationFilterChain.java:193)
	at org.apache.catalina.core.ApplicationFilterChain.doFilter(ApplicationFilterChain.java:166)
	at org.springframework.web.filter.HiddenHttpMethodFilter.doFilterInternal(HiddenHttpMethodFilter.java:93)
	at org.springframework.web.filter.OncePerRequestFilter.doFilter(OncePerRequestFilter.java:118)
	at org.apache.catalina.core.ApplicationFilterChain.internalDoFilter(ApplicationFilterChain.java:193)
	at org.apache.catalina.core.ApplicationFilterChain.doFilter(ApplicationFilterChain.java:166)
	at org.springframework.boot.actuate.metrics.web.servlet.WebMvcMetricsFilter.filterAndRecordMetrics(WebMvcMetricsFilter.java:114)
	at org.springframework.boot.actuate.metrics.web.servlet.WebMvcMetricsFilter.doFilterInternal(WebMvcMetricsFilter.java:104)
	at org.springframework.web.filter.OncePerRequestFilter.doFilter(OncePerRequestFilter.java:118)
	at org.apache.catalina.core.ApplicationFilterChain.internalDoFilter(ApplicationFilterChain.java:193)
	at org.apache.catalina.core.ApplicationFilterChain.doFilter(ApplicationFilterChain.java:166)
	at org.springframework.web.filter.CharacterEncodingFilter.doFilterInternal(CharacterEncodingFilter.java:200)
	at org.springframework.web.filter.OncePerRequestFilter.doFilter(OncePerRequestFilter.java:118)
	at org.apache.catalina.core.ApplicationFilterChain.internalDoFilter(ApplicationFilterChain.java:193)
	at org.apache.catalina.core.ApplicationFilterChain.doFilter(ApplicationFilterChain.java:166)
	at org.apache.catalina.core.StandardWrapperValve.invoke(StandardWrapperValve.java:202)
	at org.apache.catalina.core.StandardContextValve.invoke(StandardContextValve.java:96)
	at org.apache.catalina.authenticator.AuthenticatorBase.invoke(AuthenticatorBase.java:490)
	at org.apache.catalina.core.StandardHostValve.invoke(StandardHostValve.java:139)
	at org.apache.catalina.valves.ErrorReportValve.invoke(ErrorReportValve.java:92)
	at org.apache.catalina.core.StandardEngineValve.invoke(StandardEngineValve.java:74)
	at org.apache.catalina.connector.CoyoteAdapter.service(CoyoteAdapter.java:343)
	at org.apache.coyote.http11.Http11Processor.service(Http11Processor.java:408)
	at org.apache.coyote.AbstractProcessorLight.process(AbstractProcessorLight.java:66)
	at org.apache.coyote.AbstractProtocol$ConnectionHandler.process(AbstractProtocol.java:853)
	at org.apache.tomcat.util.net.NioEndpoint$SocketProcessor.doRun(NioEndpoint.java:1587)
	at org.apache.tomcat.util.net.SocketProcessorBase.run(SocketProcessorBase.java:49)
	at java.util.concurrent.ThreadPoolExecutor.runWorker(ThreadPoolExecutor.java:1142)
	at java.util.concurrent.ThreadPoolExecutor$Worker.run(ThreadPoolExecutor.java:617)
	at org.apache.tomcat.util.threads.TaskThread$WrappingRunnable.run(TaskThread.java:61)
	at java.lang.Thread.run(Thread.java:745)
2020-12-23 19:50:33.643 [http-nio-8080-exec-9] ERROR com.lz.ht.base.exadvice.GlobalExceptionHandler - 请求地址：http://localhost:8080/collection/update
2020-12-23 19:50:33.643 [http-nio-8080-exec-9] ERROR com.lz.ht.base.exadvice.GlobalExceptionHandler - 请求参数：
2020-12-23 19:50:33.643 [http-nio-8080-exec-9] ERROR com.lz.ht.base.exadvice.GlobalExceptionHandler - regisId---1
2020-12-23 19:50:33.643 [http-nio-8080-exec-9] ERROR com.lz.ht.base.exadvice.GlobalExceptionHandler - collectionDate---Sat Dec 12 00:00:00 GMT+08:00 2020
2020-12-23 19:50:33.644 [http-nio-8080-exec-9] ERROR com.lz.ht.base.exadvice.GlobalExceptionHandler - collectionMethod---转账
2020-12-23 19:50:33.644 [http-nio-8080-exec-9] ERROR com.lz.ht.base.exadvice.GlobalExceptionHandler - collectionSummary---支付宝
2020-12-23 19:50:33.644 [http-nio-8080-exec-9] ERROR com.lz.ht.base.exadvice.GlobalExceptionHandler - collectionAmount---10000
2020-12-23 19:50:33.644 [http-nio-8080-exec-9] ERROR com.lz.ht.base.exadvice.GlobalExceptionHandler - billFlag---是
2020-12-23 19:50:33.644 [http-nio-8080-exec-9] ERROR com.lz.ht.base.exadvice.GlobalExceptionHandler - projectId---1
2020-12-23 19:50:33.644 [http-nio-8080-exec-9] ERROR com.lz.ht.base.exadvice.GlobalExceptionHandler - org.springframework.web.method.annotation.ModelAttributeMethodProcessor.resolveArgument(ModelAttributeMethodProcessor.java:164)
2020-12-23 19:50:33.644 [http-nio-8080-exec-9] ERROR com.lz.ht.base.exadvice.GlobalExceptionHandler - org.springframework.web.method.support.HandlerMethodArgumentResolverComposite.resolveArgument(HandlerMethodArgumentResolverComposite.java:127)
2020-12-23 19:50:33.644 [http-nio-8080-exec-9] ERROR com.lz.ht.base.exadvice.GlobalExceptionHandler - org.springframework.web.method.support.InvocableHandlerMethod.getMethodArgumentValues(InvocableHandlerMethod.java:167)
2020-12-23 19:50:33.644 [http-nio-8080-exec-9] ERROR com.lz.ht.base.exadvice.GlobalExceptionHandler - org.springframework.web.method.support.InvocableHandlerMethod.invokeForRequest(InvocableHandlerMethod.java:134)
2020-12-23 19:50:33.644 [http-nio-8080-exec-9] ERROR com.lz.ht.base.exadvice.GlobalExceptionHandler - org.springframework.web.servlet.mvc.method.annotation.ServletInvocableHandlerMethod.invokeAndHandle(ServletInvocableHandlerMethod.java:104)
2020-12-23 19:50:33.644 [http-nio-8080-exec-9] ERROR com.lz.ht.base.exadvice.GlobalExceptionHandler - org.springframework.web.servlet.mvc.method.annotation.RequestMappingHandlerAdapter.invokeHandlerMethod(RequestMappingHandlerAdapter.java:892)
2020-12-23 19:50:33.644 [http-nio-8080-exec-9] ERROR com.lz.ht.base.exadvice.GlobalExceptionHandler - org.springframework.web.servlet.mvc.method.annotation.RequestMappingHandlerAdapter.handleInternal(RequestMappingHandlerAdapter.java:797)
2020-12-23 19:50:33.646 [http-nio-8080-exec-9] ERROR com.lz.ht.base.exadvice.GlobalExceptionHandler - org.springframework.web.servlet.mvc.method.AbstractHandlerMethodAdapter.handle(AbstractHandlerMethodAdapter.java:87)
2020-12-23 19:50:33.646 [http-nio-8080-exec-9] ERROR com.lz.ht.base.exadvice.GlobalExceptionHandler - org.springframework.web.servlet.DispatcherServlet.doDispatch(DispatcherServlet.java:1039)
2020-12-23 19:50:33.646 [http-nio-8080-exec-9] ERROR com.lz.ht.base.exadvice.GlobalExceptionHandler - org.springframework.web.servlet.DispatcherServlet.doService(DispatcherServlet.java:942)
2020-12-23 19:50:33.646 [http-nio-8080-exec-9] ERROR com.lz.ht.base.exadvice.GlobalExceptionHandler - org.springframework.web.servlet.FrameworkServlet.processRequest(FrameworkServlet.java:1005)
2020-12-23 19:50:33.646 [http-nio-8080-exec-9] ERROR com.lz.ht.base.exadvice.GlobalExceptionHandler - org.springframework.web.servlet.FrameworkServlet.doPost(FrameworkServlet.java:908)
2020-12-23 19:50:33.646 [http-nio-8080-exec-9] ERROR com.lz.ht.base.exadvice.GlobalExceptionHandler - javax.servlet.http.HttpServlet.service(HttpServlet.java:660)
2020-12-23 19:50:33.646 [http-nio-8080-exec-9] ERROR com.lz.ht.base.exadvice.GlobalExceptionHandler - org.springframework.web.servlet.FrameworkServlet.service(FrameworkServlet.java:882)
2020-12-23 19:50:33.646 [http-nio-8080-exec-9] ERROR com.lz.ht.base.exadvice.GlobalExceptionHandler - javax.servlet.http.HttpServlet.service(HttpServlet.java:741)
2020-12-23 19:50:33.646 [http-nio-8080-exec-9] ERROR com.lz.ht.base.exadvice.GlobalExceptionHandler - org.apache.catalina.core.ApplicationFilterChain.internalDoFilter(ApplicationFilterChain.java:231)
2020-12-23 19:50:33.646 [http-nio-8080-exec-9] ERROR com.lz.ht.base.exadvice.GlobalExceptionHandler - org.apache.catalina.core.ApplicationFilterChain.doFilter(ApplicationFilterChain.java:166)
2020-12-23 19:50:33.646 [http-nio-8080-exec-9] ERROR com.lz.ht.base.exadvice.GlobalExceptionHandler - org.apache.tomcat.websocket.server.WsFilter.doFilter(WsFilter.java:53)
2020-12-23 19:50:33.646 [http-nio-8080-exec-9] ERROR com.lz.ht.base.exadvice.GlobalExceptionHandler - org.apache.catalina.core.ApplicationFilterChain.internalDoFilter(ApplicationFilterChain.java:193)
2020-12-23 19:50:33.646 [http-nio-8080-exec-9] ERROR com.lz.ht.base.exadvice.GlobalExceptionHandler - org.apache.catalina.core.ApplicationFilterChain.doFilter(ApplicationFilterChain.java:166)
2020-12-23 19:50:33.646 [http-nio-8080-exec-9] ERROR com.lz.ht.base.exadvice.GlobalExceptionHandler - org.apache.shiro.web.servlet.ProxiedFilterChain.doFilter(ProxiedFilterChain.java:61)
2020-12-23 19:50:33.646 [http-nio-8080-exec-9] ERROR com.lz.ht.base.exadvice.GlobalExceptionHandler - org.apache.shiro.web.servlet.AdviceFilter.executeChain(AdviceFilter.java:108)
2020-12-23 19:50:33.646 [http-nio-8080-exec-9] ERROR com.lz.ht.base.exadvice.GlobalExceptionHandler - org.apache.shiro.web.servlet.AdviceFilter.doFilterInternal(AdviceFilter.java:137)
2020-12-23 19:50:33.646 [http-nio-8080-exec-9] ERROR com.lz.ht.base.exadvice.GlobalExceptionHandler - org.apache.shiro.web.servlet.OncePerRequestFilter.doFilter(OncePerRequestFilter.java:125)
2020-12-23 19:50:33.646 [http-nio-8080-exec-9] ERROR com.lz.ht.base.exadvice.GlobalExceptionHandler - org.apache.shiro.web.servlet.ProxiedFilterChain.doFilter(ProxiedFilterChain.java:66)
2020-12-23 19:50:33.646 [http-nio-8080-exec-9] ERROR com.lz.ht.base.exadvice.GlobalExceptionHandler - org.apache.shiro.web.servlet.AbstractShiroFilter.executeChain(AbstractShiroFilter.java:449)
2020-12-23 19:50:33.646 [http-nio-8080-exec-9] ERROR com.lz.ht.base.exadvice.GlobalExceptionHandler - org.apache.shiro.web.servlet.AbstractShiroFilter$1.call(AbstractShiroFilter.java:365)
2020-12-23 19:50:33.646 [http-nio-8080-exec-9] ERROR com.lz.ht.base.exadvice.GlobalExceptionHandler - org.apache.shiro.subject.support.SubjectCallable.doCall(SubjectCallable.java:90)
2020-12-23 19:50:33.646 [http-nio-8080-exec-9] ERROR com.lz.ht.base.exadvice.GlobalExceptionHandler - org.apache.shiro.subject.support.SubjectCallable.call(SubjectCallable.java:83)
2020-12-23 19:50:33.646 [http-nio-8080-exec-9] ERROR com.lz.ht.base.exadvice.GlobalExceptionHandler - org.apache.shiro.subject.support.DelegatingSubject.execute(DelegatingSubject.java:387)
2020-12-23 19:50:33.646 [http-nio-8080-exec-9] ERROR com.lz.ht.base.exadvice.GlobalExceptionHandler - org.apache.shiro.web.servlet.AbstractShiroFilter.doFilterInternal(AbstractShiroFilter.java:362)
2020-12-23 19:50:33.646 [http-nio-8080-exec-9] ERROR com.lz.ht.base.exadvice.GlobalExceptionHandler - org.apache.shiro.web.servlet.OncePerRequestFilter.doFilter(OncePerRequestFilter.java:125)
2020-12-23 19:50:33.646 [http-nio-8080-exec-9] ERROR com.lz.ht.base.exadvice.GlobalExceptionHandler - org.apache.catalina.core.ApplicationFilterChain.internalDoFilter(ApplicationFilterChain.java:193)
2020-12-23 19:50:33.646 [http-nio-8080-exec-9] ERROR com.lz.ht.base.exadvice.GlobalExceptionHandler - org.apache.catalina.core.ApplicationFilterChain.doFilter(ApplicationFilterChain.java:166)
2020-12-23 19:50:33.646 [http-nio-8080-exec-9] ERROR com.lz.ht.base.exadvice.GlobalExceptionHandler - com.alibaba.druid.support.http.WebStatFilter.doFilter(WebStatFilter.java:123)
2020-12-23 19:50:33.646 [http-nio-8080-exec-9] ERROR com.lz.ht.base.exadvice.GlobalExceptionHandler - org.apache.catalina.core.ApplicationFilterChain.internalDoFilter(ApplicationFilterChain.java:193)
2020-12-23 19:50:33.646 [http-nio-8080-exec-9] ERROR com.lz.ht.base.exadvice.GlobalExceptionHandler - org.apache.catalina.core.ApplicationFilterChain.doFilter(ApplicationFilterChain.java:166)
2020-12-23 19:50:33.646 [http-nio-8080-exec-9] ERROR com.lz.ht.base.exadvice.GlobalExceptionHandler - org.springframework.boot.actuate.web.trace.servlet.HttpTraceFilter.doFilterInternal(HttpTraceFilter.java:88)
2020-12-23 19:50:33.647 [http-nio-8080-exec-9] ERROR com.lz.ht.base.exadvice.GlobalExceptionHandler - org.springframework.web.filter.OncePerRequestFilter.doFilter(OncePerRequestFilter.java:118)
2020-12-23 19:50:33.647 [http-nio-8080-exec-9] ERROR com.lz.ht.base.exadvice.GlobalExceptionHandler - org.apache.catalina.core.ApplicationFilterChain.internalDoFilter(ApplicationFilterChain.java:193)
2020-12-23 19:50:33.647 [http-nio-8080-exec-9] ERROR com.lz.ht.base.exadvice.GlobalExceptionHandler - org.apache.catalina.core.ApplicationFilterChain.doFilter(ApplicationFilterChain.java:166)
2020-12-23 19:50:33.647 [http-nio-8080-exec-9] ERROR com.lz.ht.base.exadvice.GlobalExceptionHandler - org.springframework.web.filter.RequestContextFilter.doFilterInternal(RequestContextFilter.java:99)
2020-12-23 19:50:33.647 [http-nio-8080-exec-9] ERROR com.lz.ht.base.exadvice.GlobalExceptionHandler - org.springframework.web.filter.OncePerRequestFilter.doFilter(OncePerRequestFilter.java:118)
2020-12-23 19:50:33.647 [http-nio-8080-exec-9] ERROR com.lz.ht.base.exadvice.GlobalExceptionHandler - org.apache.catalina.core.ApplicationFilterChain.internalDoFilter(ApplicationFilterChain.java:193)
2020-12-23 19:50:33.647 [http-nio-8080-exec-9] ERROR com.lz.ht.base.exadvice.GlobalExceptionHandler - org.apache.catalina.core.ApplicationFilterChain.doFilter(ApplicationFilterChain.java:166)
2020-12-23 19:50:33.647 [http-nio-8080-exec-9] ERROR com.lz.ht.base.exadvice.GlobalExceptionHandler - org.springframework.web.filter.FormContentFilter.doFilterInternal(FormContentFilter.java:92)
2020-12-23 19:50:33.647 [http-nio-8080-exec-9] ERROR com.lz.ht.base.exadvice.GlobalExceptionHandler - org.springframework.web.filter.OncePerRequestFilter.doFilter(OncePerRequestFilter.java:118)
2020-12-23 19:50:33.647 [http-nio-8080-exec-9] ERROR com.lz.ht.base.exadvice.GlobalExceptionHandler - org.apache.catalina.core.ApplicationFilterChain.internalDoFilter(ApplicationFilterChain.java:193)
2020-12-23 19:50:33.647 [http-nio-8080-exec-9] ERROR com.lz.ht.base.exadvice.GlobalExceptionHandler - org.apache.catalina.core.ApplicationFilterChain.doFilter(ApplicationFilterChain.java:166)
2020-12-23 19:50:33.647 [http-nio-8080-exec-9] ERROR com.lz.ht.base.exadvice.GlobalExceptionHandler - org.springframework.web.filter.HiddenHttpMethodFilter.doFilterInternal(HiddenHttpMethodFilter.java:93)
2020-12-23 19:50:33.647 [http-nio-8080-exec-9] ERROR com.lz.ht.base.exadvice.GlobalExceptionHandler - org.springframework.web.filter.OncePerRequestFilter.doFilter(OncePerRequestFilter.java:118)
2020-12-23 19:50:33.647 [http-nio-8080-exec-9] ERROR com.lz.ht.base.exadvice.GlobalExceptionHandler - org.apache.catalina.core.ApplicationFilterChain.internalDoFilter(ApplicationFilterChain.java:193)
2020-12-23 19:50:33.647 [http-nio-8080-exec-9] ERROR com.lz.ht.base.exadvice.GlobalExceptionHandler - org.apache.catalina.core.ApplicationFilterChain.doFilter(ApplicationFilterChain.java:166)
2020-12-23 19:50:33.647 [http-nio-8080-exec-9] ERROR com.lz.ht.base.exadvice.GlobalExceptionHandler - org.springframework.boot.actuate.metrics.web.servlet.WebMvcMetricsFilter.filterAndRecordMetrics(WebMvcMetricsFilter.java:114)
2020-12-23 19:50:33.647 [http-nio-8080-exec-9] ERROR com.lz.ht.base.exadvice.GlobalExceptionHandler - org.springframework.boot.actuate.metrics.web.servlet.WebMvcMetricsFilter.doFilterInternal(WebMvcMetricsFilter.java:104)
2020-12-23 19:50:33.647 [http-nio-8080-exec-9] ERROR com.lz.ht.base.exadvice.GlobalExceptionHandler - org.springframework.web.filter.OncePerRequestFilter.doFilter(OncePerRequestFilter.java:118)
2020-12-23 19:50:33.647 [http-nio-8080-exec-9] ERROR com.lz.ht.base.exadvice.GlobalExceptionHandler - org.apache.catalina.core.ApplicationFilterChain.internalDoFilter(ApplicationFilterChain.java:193)
2020-12-23 19:50:33.647 [http-nio-8080-exec-9] ERROR com.lz.ht.base.exadvice.GlobalExceptionHandler - org.apache.catalina.core.ApplicationFilterChain.doFilter(ApplicationFilterChain.java:166)
2020-12-23 19:50:33.647 [http-nio-8080-exec-9] ERROR com.lz.ht.base.exadvice.GlobalExceptionHandler - org.springframework.web.filter.CharacterEncodingFilter.doFilterInternal(CharacterEncodingFilter.java:200)
2020-12-23 19:50:33.647 [http-nio-8080-exec-9] ERROR com.lz.ht.base.exadvice.GlobalExceptionHandler - org.springframework.web.filter.OncePerRequestFilter.doFilter(OncePerRequestFilter.java:118)
2020-12-23 19:50:33.647 [http-nio-8080-exec-9] ERROR com.lz.ht.base.exadvice.GlobalExceptionHandler - org.apache.catalina.core.ApplicationFilterChain.internalDoFilter(ApplicationFilterChain.java:193)
2020-12-23 19:50:33.647 [http-nio-8080-exec-9] ERROR com.lz.ht.base.exadvice.GlobalExceptionHandler - org.apache.catalina.core.ApplicationFilterChain.doFilter(ApplicationFilterChain.java:166)
2020-12-23 19:50:33.647 [http-nio-8080-exec-9] ERROR com.lz.ht.base.exadvice.GlobalExceptionHandler - org.apache.catalina.core.StandardWrapperValve.invoke(StandardWrapperValve.java:202)
2020-12-23 19:50:33.647 [http-nio-8080-exec-9] ERROR com.lz.ht.base.exadvice.GlobalExceptionHandler - org.apache.catalina.core.StandardContextValve.invoke(StandardContextValve.java:96)
2020-12-23 19:50:33.648 [http-nio-8080-exec-9] ERROR com.lz.ht.base.exadvice.GlobalExceptionHandler - org.apache.catalina.authenticator.AuthenticatorBase.invoke(AuthenticatorBase.java:490)
2020-12-23 19:50:33.648 [http-nio-8080-exec-9] ERROR com.lz.ht.base.exadvice.GlobalExceptionHandler - org.apache.catalina.core.StandardHostValve.invoke(StandardHostValve.java:139)
2020-12-23 19:50:33.648 [http-nio-8080-exec-9] ERROR com.lz.ht.base.exadvice.GlobalExceptionHandler - org.apache.catalina.valves.ErrorReportValve.invoke(ErrorReportValve.java:92)
2020-12-23 19:50:33.648 [http-nio-8080-exec-9] ERROR com.lz.ht.base.exadvice.GlobalExceptionHandler - org.apache.catalina.core.StandardEngineValve.invoke(StandardEngineValve.java:74)
2020-12-23 19:50:33.648 [http-nio-8080-exec-9] ERROR com.lz.ht.base.exadvice.GlobalExceptionHandler - org.apache.catalina.connector.CoyoteAdapter.service(CoyoteAdapter.java:343)
2020-12-23 19:50:33.648 [http-nio-8080-exec-9] ERROR com.lz.ht.base.exadvice.GlobalExceptionHandler - org.apache.coyote.http11.Http11Processor.service(Http11Processor.java:408)
2020-12-23 19:50:33.648 [http-nio-8080-exec-9] ERROR com.lz.ht.base.exadvice.GlobalExceptionHandler - org.apache.coyote.AbstractProcessorLight.process(AbstractProcessorLight.java:66)
2020-12-23 19:50:33.648 [http-nio-8080-exec-9] ERROR com.lz.ht.base.exadvice.GlobalExceptionHandler - org.apache.coyote.AbstractProtocol$ConnectionHandler.process(AbstractProtocol.java:853)
2020-12-23 19:50:33.648 [http-nio-8080-exec-9] ERROR com.lz.ht.base.exadvice.GlobalExceptionHandler - org.apache.tomcat.util.net.NioEndpoint$SocketProcessor.doRun(NioEndpoint.java:1587)
2020-12-23 19:50:33.648 [http-nio-8080-exec-9] ERROR com.lz.ht.base.exadvice.GlobalExceptionHandler - org.apache.tomcat.util.net.SocketProcessorBase.run(SocketProcessorBase.java:49)
2020-12-23 19:50:33.648 [http-nio-8080-exec-9] ERROR com.lz.ht.base.exadvice.GlobalExceptionHandler - java.util.concurrent.ThreadPoolExecutor.runWorker(ThreadPoolExecutor.java:1142)
2020-12-23 19:50:33.648 [http-nio-8080-exec-9] ERROR com.lz.ht.base.exadvice.GlobalExceptionHandler - java.util.concurrent.ThreadPoolExecutor$Worker.run(ThreadPoolExecutor.java:617)
2020-12-23 19:50:33.648 [http-nio-8080-exec-9] ERROR com.lz.ht.base.exadvice.GlobalExceptionHandler - org.apache.tomcat.util.threads.TaskThread$WrappingRunnable.run(TaskThread.java:61)
2020-12-23 19:50:33.648 [http-nio-8080-exec-9] ERROR com.lz.ht.base.exadvice.GlobalExceptionHandler - java.lang.Thread.run(Thread.java:745)
2020-12-23 19:50:33.648 [http-nio-8080-exec-9] ERROR com.lz.ht.base.exadvice.GlobalExceptionHandler - 异常结束
